#
# There is insufficient memory for the Java Runtime Environment to continue.
# Native memory allocation (malloc) failed to allocate 1048576 bytes for AllocateHeap
# Possible reasons:
#   The system is out of physical RAM or swap space
#   The process is running with CompressedOops enabled, and the Java Heap may be blocking the growth of the native heap
# Possible solutions:
#   Reduce memory load on the system
#   Increase physical memory or swap space
#   Check if swap backing store is full
#   Decrease Java heap size (-Xmx/-Xms)
#   Decrease number of Java threads
#   Decrease Java thread stack sizes (-Xss)
#   Set larger code cache with -XX:ReservedCodeCacheSize=
#   JVM is running with Unscaled Compressed Oops mode in which the Java heap is
#     placed in the first 4GB address space. The Java Heap base address is the
#     maximum limit for the native heap growth. Please use -XX:HeapBaseMinAddress
#     to set the Java Heap base and to place the Java Heap above 4GB virtual address.
# This output file may be truncated or incomplete.
#
#  Out of Memory Error (memory/allocation.inline.hpp:61), pid=22408, tid=0x0000000000003e50
#
# JRE version:  (8.0_292-b10) (build )
# Java VM: OpenJDK 64-Bit Server VM (25.292-b10 mixed mode windows-amd64 compressed oops)
# Failed to write core dump. Minidumps are not enabled by default on client versions of Windows
#

---------------  T H R E A D  ---------------

Current thread (0x000001ed67c94000):  JavaThread "Unknown thread" [_thread_in_vm, id=15952, stack(0x0000000604400000,0x0000000604500000)]

Stack: [0x0000000604400000,0x0000000604500000]
[error occurred during error reporting (printing stack bounds), id 0xc0000005]

Native frames: (J=compiled Java code, j=interpreted, Vv=VM code, C=native code)


---------------  P R O C E S S  ---------------

Java Threads: ( => current thread )

Other Threads:

=>0x000001ed67c94000 (exited) JavaThread "Unknown thread" [_thread_in_vm, id=15952, stack(0x0000000604400000,0x0000000604500000)]

VM state:not at safepoint (normal execution)

VM Mutex/Monitor currently owned by a thread: None

heap address: 0x0000000082600000, size: 2010 MB, Compressed Oops mode: 32-bit
Narrow klass base: 0x0000000000000000, Narrow klass shift: 3
Compressed class space size: 1073741824 Address: 0x0000000100000000

Heap:
 PSYoungGen      total 37888K, used 655K [0x00000000d6200000, 0x00000000d8c00000, 0x0000000100000000)
  eden space 32768K, 2% used [0x00000000d6200000,0x00000000d62a3d80,0x00000000d8200000)
  from space 5120K, 0% used [0x00000000d8700000,0x00000000d8700000,0x00000000d8c00000)
  to   space 5120K, 0% used [0x00000000d8200000,0x00000000d8200000,0x00000000d8700000)
 ParOldGen       total 86016K, used 0K [0x0000000082600000, 0x0000000087a00000, 0x00000000d6200000)
  object space 86016K, 0% used [0x0000000082600000,0x0000000082600000,0x0000000087a00000)
 Metaspace       used 781K, capacity 4480K, committed 4480K, reserved 1056768K
  class space    used 76K, capacity 384K, committed 384K, reserved 1048576K

Card table byte_map: [0x000001ed78c80000,0x000001ed79070000] byte_map_base: 0x000001ed7886d000

Marking Bits: (ParMarkBitMap*) 0x0000000066f9c820
 Begin Bits: [0x000001ed79310000, 0x000001ed7b278000)
 End Bits:   [0x000001ed7b278000, 0x000001ed7d1e0000)

Polling page: 0x000001ed69890000

CodeCache: size=245760Kb used=328Kb max_used=328Kb free=245431Kb
 bounds [0x000001ed698c0000, 0x000001ed69b30000, 0x000001ed788c0000]
 total_blobs=57 nmethods=0 adapters=38
 compilation: enabled

Compilation events (0 events):
No events

GC Heap History (0 events):
No events

Deoptimization events (0 events):
No events

Classes redefined (0 events):
No events

Internal exceptions (0 events):
No events

Events (10 events):
Event: 0.029 loading class java/lang/Short
Event: 0.029 loading class java/lang/Short done
Event: 0.029 loading class java/lang/Integer
Event: 0.029 loading class java/lang/Integer done
Event: 0.029 loading class java/lang/Long
Event: 0.029 loading class java/lang/Long done
Event: 0.030 loading class java/lang/NullPointerException
Event: 0.030 loading class java/lang/NullPointerException done
Event: 0.030 loading class java/lang/ArithmeticException
Event: 0.030 loading class java/lang/ArithmeticException done


Dynamic libraries:
0x00007ff63dcb0000 - 0x00007ff63dcea000 	C:\Users\³Ø¾þÓî\.jdks\adopt-openjdk-1.8.0_292\bin\java.exe
0x00007ffa7c650000 - 0x00007ffa7c845000 	C:\WINDOWS\SYSTEM32\ntdll.dll
0x00007ffa7bef0000 - 0x00007ffa7bfad000 	C:\WINDOWS\System32\KERNEL32.DLL
0x00007ffa7a130000 - 0x00007ffa7a3f9000 	C:\WINDOWS\System32\KERNELBASE.dll
0x00007ffa7bb40000 - 0x00007ffa7bbec000 	C:\WINDOWS\System32\ADVAPI32.dll
0x00007ffa7bc60000 - 0x00007ffa7bcfe000 	C:\WINDOWS\System32\msvcrt.dll
0x00007ffa7bd30000 - 0x00007ffa7bdcb000 	C:\WINDOWS\System32\sechost.dll
0x00007ffa7b1d0000 - 0x00007ffa7b2fa000 	C:\WINDOWS\System32\RPCRT4.dll
0x00007ffa7c440000 - 0x00007ffa7c5e0000 	C:\WINDOWS\System32\USER32.dll
0x00007ffa7a100000 - 0x00007ffa7a122000 	C:\WINDOWS\System32\win32u.dll
0x00007ffa7bd00000 - 0x00007ffa7bd2a000 	C:\WINDOWS\System32\GDI32.dll
0x00007ffa79d90000 - 0x00007ffa79e9b000 	C:\WINDOWS\System32\gdi32full.dll
0x00007ffa7a400000 - 0x00007ffa7a49d000 	C:\WINDOWS\System32\msvcp_win.dll
0x00007ffa7a590000 - 0x00007ffa7a690000 	C:\WINDOWS\System32\ucrtbase.dll
0x00007ffa672c0000 - 0x00007ffa6755a000 	C:\WINDOWS\WinSxS\amd64_microsoft.windows.common-controls_6595b64144ccf1df_6.0.19041.1110_none_60b5254171f9507e\COMCTL32.dll
0x00007ffa7c5e0000 - 0x00007ffa7c610000 	C:\WINDOWS\System32\IMM32.DLL
0x00007ffa40c20000 - 0x00007ffa40d0f000 	C:\Users\³Ø¾þÓî\.jdks\adopt-openjdk-1.8.0_292\jre\bin\msvcr120.dll
0x00007ffa3f5f0000 - 0x00007ffa3f696000 	C:\Users\³Ø¾þÓî\.jdks\adopt-openjdk-1.8.0_292\jre\bin\msvcp120.dll
0x00000000667b0000 - 0x000000006701b000 	C:\Users\³Ø¾þÓî\.jdks\adopt-openjdk-1.8.0_292\jre\bin\server\jvm.dll
0x00007ffa7bfb0000 - 0x00007ffa7bfb8000 	C:\WINDOWS\System32\PSAPI.DLL
0x00007ffa6b830000 - 0x00007ffa6b839000 	C:\WINDOWS\SYSTEM32\WSOCK32.dll
0x00007ffa71f20000 - 0x00007ffa71f2a000 	C:\WINDOWS\SYSTEM32\VERSION.dll
0x00007ffa6d540000 - 0x00007ffa6d567000 	C:\WINDOWS\SYSTEM32\WINMM.dll
0x00007ffa7bbf0000 - 0x00007ffa7bc5b000 	C:\WINDOWS\System32\WS2_32.dll
0x00007ffa73a60000 - 0x00007ffa73a6f000 	C:\Users\³Ø¾þÓî\.jdks\adopt-openjdk-1.8.0_292\jre\bin\verify.dll
0x00007ffa71610000 - 0x00007ffa71639000 	C:\Users\³Ø¾þÓî\.jdks\adopt-openjdk-1.8.0_292\jre\bin\java.dll
0x00007ffa63040000 - 0x00007ffa6306a000 	C:\Users\³Ø¾þÓî\.jdks\adopt-openjdk-1.8.0_292\jre\bin\instrument.dll
0x00007ffa6cee0000 - 0x00007ffa6cef6000 	C:\Users\³Ø¾þÓî\.jdks\adopt-openjdk-1.8.0_292\jre\bin\zip.dll

VM Arguments:
jvm_args: -ea -Didea.test.cyclic.buffer.size=1048576 -javaagent:E:\program files\IntelliJ IDEA 2021.1\lib\idea_rt.jar=62531:E:\program files\IntelliJ IDEA 2021.1\bin -Dfile.encoding=UTF-8 
java_command: com.intellij.rt.junit.JUnitStarter -ideVersion5 -junit4 com.cjy.test.Test1,testFindAll
java_class_path (initial): E:\program files\IntelliJ IDEA 2021.1\lib\idea_rt.jar;E:\program files\IntelliJ IDEA 2021.1\plugins\junit\lib\junit5-rt.jar;E:\program files\IntelliJ IDEA 2021.1\plugins\junit\lib\junit-rt.jar;C:\Users\³Ø¾þÓî\.jdks\adopt-openjdk-1.8.0_292\jre\lib\charsets.jar;C:\Users\³Ø¾þÓî\.jdks\adopt-openjdk-1.8.0_292\jre\lib\ext\access-bridge-64.jar;C:\Users\³Ø¾þÓî\.jdks\adopt-openjdk-1.8.0_292\jre\lib\ext\cldrdata.jar;C:\Users\³Ø¾þÓî\.jdks\adopt-openjdk-1.8.0_292\jre\lib\ext\dnsns.jar;C:\Users\³Ø¾þÓî\.jdks\adopt-openjdk-1.8.0_292\jre\lib\ext\jaccess.jar;C:\Users\³Ø¾þÓî\.jdks\adopt-openjdk-1.8.0_292\jre\lib\ext\localedata.jar;C:\Users\³Ø¾þÓî\.jdks\adopt-openjdk-1.8.0_292\jre\lib\ext\nashorn.jar;C:\Users\³Ø¾þÓî\.jdks\adopt-openjdk-1.8.0_292\jre\lib\ext\sunec.jar;C:\Users\³Ø¾þÓî\.jdks\adopt-openjdk-1.8.0_292\jre\lib\ext\sunjce_provider.jar;C:\Users\³Ø¾þÓî\.jdks\adopt-openjdk-1.8.0_292\jre\lib\ext\sunmscapi.jar;C:\Users\³Ø¾þÓî\.jdks\adopt-openjdk-1.8.0_292\jre\lib\ext\sunpkcs11.jar;C:\Users\³Ø¾þÓî\.jdks\adopt-openjdk-1.8.0_292\jre\lib\ext\zipfs.jar;C:\Users\³Ø¾þÓî\.jdks\adopt-openjdk-1.8.0_292\jre\lib\jce.jar;C:\Users\³Ø¾þÓî\.jdks\adopt-openjdk-1.8.0_292\jre\lib\jfr.jar;C:\Users\³Ø¾þÓî\.jdks\adopt-openjdk-1.8.0_292\jre\lib\jsse.jar;C:\Users\³Ø¾þÓî\.jdks\adopt-openjdk-1.8.0_292\jre\lib\management-agent.jar;C:\Users\³Ø¾þÓî\.jdks\adopt-openjdk-1.8.0_292\jre\lib\resources.jar;C:\Users\³Ø¾þÓî\.jdks\adopt-openjdk-1.8.0_292\jre\lib\rt.jar;E:\program files\mybatisTest01\target\test-classes;E:\program files\mybatisTest01\target\classes;E:\repository\mysql\mysql-connector-java\8.0.25\mysql-connector-java-8.0.25.jar;E:\repository\com\google\protobuf\protobuf-java\3.11.4\protobuf-java-3.11.4.jar;E:\repository\org\mybatis\mybatis\3.5.6\mybatis-3.5.6.jar;E:\repository\junit\junit\4.13.1\junit-4.13.1.jar;E:\repository\org\hamcrest\hamcrest-core\1.3\hamcrest-core-1.3.jar;E:\repository\org\projectlombok\lombok\1.18.12\lombok-1.18.12.jar;E:\program files\IntelliJ IDEA 20
Launcher Type: SUN_STANDARD

Environment Variables:
JAVA_HOME=C:\Program Files\Java\jdk-16
PATH=C:\Program Files\Java\jdk-16\bin;C:\Program Files\Common Files\Oracle\Java\javapath;E:\vmware\bin\;C:\Program Files (x86)\Python38-32\Scripts\;C:\Program Files (x86)\Python38-32\;C:\Program Files (x86)\Java\jdk1.8.0_201\bin;C:\Program Files (x86)\Razer Chroma SDK\bin;C:\Program Files\Razer Chroma SDK\bin;C:\Program Files (x86)\Intel\Intel(R) Management Engine Components\iCLS\;C:\Program Files\Intel\Intel(R) Management Engine Components\iCLS\;C:\Windows\system32;C:\Windows;C:\Windows\System32\Wbem;C:\Windows\System32\WindowsPowerShell\v1.0\;C:\Program Files (x86)\NVIDIA Corporation\PhysX\Common;C:\Program Files (x86)\Intel\Intel(R) Management Engine Components\DAL;C:\Program Files\Intel\Intel(R) Management Engine Components\DAL;C:\Program Files (x86)\Intel\Intel(R) Management Engine Components\IPT;C:\Program Files\Intel\Intel(R) Management Engine Components\IPT;C:\Program Files\Intel\WiFi\bin\;C:\Program Files\Common Files\Intel\WirelessCommon\;C:\WINDOWS\system32;C:\WINDOWS;C:\WINDOWS\System32\Wbem;C:\WINDOWS\System32\WindowsPowerShell\v1.0\;C:\WINDOWS\System32\OpenSSH\;C:\WINDOWS\system32\config\systemprofile\AppData\Local\Microsoft\WindowsApps;C:\Program Files\NVIDIA Corporation\NVIDIA NvDLISR;C:\Program Files (x86)\MySQL\MySQL Server 5.5\bin;C:\Program Files (x86)\Python38-32;C:\Program Files (x86)\Python38-32\Scripts;E:\apache-tomcat-8.5.66\bin;E:\apache-tomcat-8.5.66\lib;C:\Program Files\MySQL\MySQL Server 8.0\bin;E:\apache-maven-3.8.1\bin;C:\Program Files\nodejs\;C:\Program Files\MySQL\MySQL Shell 8.0\bin\;C:\Users\³Ø¾þÓî\AppData\Local\Microsoft\WindowsApps;;C:\Program Files\JetBrains\PyCharm Community Edition 2020.3\bin;;E:\program files\IntelliJ IDEA 2021.1\bin;;F:\Program Files\Microsoft VS Code\bin;F:\Program Files\Fiddler;C:\Users\³Ø¾þÓî\AppData\Roaming\npm
USERNAME=cjy
OS=Windows_NT
PROCESSOR_IDENTIFIER=Intel64 Family 6 Model 158 Stepping 10, GenuineIntel



---------------  S Y S T E M  ---------------

OS: Windows 10.0 , 64 bit Build 19041 (10.0.19041.1023)

CPU:total 12 (initial active 12) (6 cores per cpu, 2 threads per core) family 6 model 158 stepping 10, cmov, cx8, fxsr, mmx, sse, sse2, sse3, ssse3, sse4.1, sse4.2, popcnt, avx, avx2, aes, clmul, erms, 3dnowpref, lzcnt, ht, tsc, tscinvbit, bmi1, bmi2, adx

Memory: 4k page, physical 8231784k(753820k free), swap 18471784k(5172k free)

vm_info: OpenJDK 64-Bit Server VM (25.292-b10) for windows-amd64 JRE (1.8.0_292-b10), built on Apr 21 2021 04:52:30 by "jenkins" with MS VC++ 12.0 (VS2013)

time: Tue Jul 27 19:44:33 2021
timezone: ?D1¨²¡À¨º¡Á?¨º¡À??
elapsed time: 0.047785 seconds (0d 0h 0m 0s)

